# JRE version: Java(TM) SE Runtime Environment (8.0_181-b13) (build 1.8.0_181-b13)
# Java VM: Java HotSpot(TM) 64-Bit Server VM (25.181-b13 mixed mode windows-amd64 compressed oops)
Heap:
 PSYoungGen      total 354816K, used 289192K [0x00000000d7180000, 0x00000000ee480000, 0x0000000100000000)
  eden space 337408K, 85% used [0x00000000d7180000,0x00000000e8bea078,0x00000000ebb00000)
  from space 17408K, 0% used [0x00000000ecd00000,0x00000000ecd00000,0x00000000ede00000)
  to   space 18432K, 0% used [0x00000000ebb00000,0x00000000ebb00000,0x00000000ecd00000)
 ParOldGen       total 133120K, used 44761K [0x0000000085400000, 0x000000008d600000, 0x00000000d7180000)
  object space 133120K, 33% used [0x0000000085400000,0x0000000087fb6520,0x000000008d600000)
 Metaspace       used 69569K, capacity 70494K, committed 70784K, reserved 1112064K
  class space    used 8283K, capacity 8506K, committed 8576K, reserved 1048576K
GC Heap History (10 events):
Event: 10.308 GC heap before
{Heap before GC invocations=13 (full 2):
 PSYoungGen      total 221184K, used 221172K [0x00000000d7180000, 0x00000000e5b80000, 0x0000000100000000)
  eden space 206848K, 100% used [0x00000000d7180000,0x00000000e3b80000,0x00000000e3b80000)
  from space 14336K, 99% used [0x00000000e4c00000,0x00000000e59fd1d0,0x00000000e5a00000)
  to   space 16384K, 0% used [0x00000000e3b80000,0x00000000e3b80000,0x00000000e4b80000)
 ParOldGen       total 83968K, used 20729K [0x0000000085400000, 0x000000008a600000, 0x00000000d7180000)
  object space 83968K, 24% used [0x0000000085400000,0x000000008683e548,0x000000008a600000)
 Metaspace       used 50786K, capacity 51310K, committed 51584K, reserved 1095680K
  class space    used 6061K, capacity 6203K, committed 6272K, reserved 1048576K
Event: 10.327 GC heap after
Heap after GC invocations=13 (full 2):
 PSYoungGen      total 223232K, used 6588K [0x00000000d7180000, 0x00000000e9580000, 0x0000000100000000)
  eden space 206848K, 0% used [0x00000000d7180000,0x00000000d7180000,0x00000000e3b80000)
  from space 16384K, 40% used [0x00000000e3b80000,0x00000000e41ef0d8,0x00000000e4b80000)
  to   space 15872K, 0% used [0x00000000e8600000,0x00000000e8600000,0x00000000e9580000)
 ParOldGen       total 83968K, used 32180K [0x0000000085400000, 0x000000008a600000, 0x00000000d7180000)
  object space 83968K, 38% used [0x0000000085400000,0x000000008736d128,0x000000008a600000)
 Metaspace       used 50786K, capacity 51310K, committed 51584K, reserved 1095680K
  class space    used 6061K, capacity 6203K, committed 6272K, reserved 1048576K
}
Event: 11.744 GC heap before
{Heap before GC invocations=14 (full 2):
 PSYoungGen      total 223232K, used 213436K [0x00000000d7180000, 0x00000000e9580000, 0x0000000100000000)
  eden space 206848K, 100% used [0x00000000d7180000,0x00000000e3b80000,0x00000000e3b80000)
  from space 16384K, 40% used [0x00000000e3b80000,0x00000000e41ef0d8,0x00000000e4b80000)
  to   space 15872K, 0% used [0x00000000e8600000,0x00000000e8600000,0x00000000e9580000)
 ParOldGen       total 83968K, used 32180K [0x0000000085400000, 0x000000008a600000, 0x00000000d7180000)
  object space 83968K, 38% used [0x0000000085400000,0x000000008736d128,0x000000008a600000)
 Metaspace       used 52672K, capacity 53352K, committed 53632K, reserved 1095680K
  class space    used 6316K, capacity 6490K, committed 6528K, reserved 1048576K
Event: 11.761 GC heap after
Heap after GC invocations=14 (full 2):
 PSYoungGen      total 280064K, used 5748K [0x00000000d7180000, 0x00000000e9400000, 0x0000000100000000)
  eden space 265728K, 0% used [0x00000000d7180000,0x00000000d7180000,0x00000000e7500000)
  from space 14336K, 40% used [0x00000000e8600000,0x00000000e8b9d018,0x00000000e9400000)
  to   space 15872K, 0% used [0x00000000e7500000,0x00000000e7500000,0x00000000e8480000)
 ParOldGen       total 83968K, used 36870K [0x0000000085400000, 0x000000008a600000, 0x00000000d7180000)
  object space 83968K, 43% used [0x0000000085400000,0x0000000087801908,0x000000008a600000)
 Metaspace       used 52672K, capacity 53352K, committed 53632K, reserved 1095680K
  class space    used 6316K, capacity 6490K, committed 6528K, reserved 1048576K
}
Event: 13.549 GC heap before
{Heap before GC invocations=15 (full 2):
 PSYoungGen      total 280064K, used 271476K [0x00000000d7180000, 0x00000000e9400000, 0x0000000100000000)
  eden space 265728K, 100% used [0x00000000d7180000,0x00000000e7500000,0x00000000e7500000)
  from space 14336K, 40% used [0x00000000e8600000,0x00000000e8b9d018,0x00000000e9400000)
  to   space 15872K, 0% used [0x00000000e7500000,0x00000000e7500000,0x00000000e8480000)
 ParOldGen       total 83968K, used 36870K [0x0000000085400000, 0x000000008a600000, 0x00000000d7180000)
  object space 83968K, 43% used [0x0000000085400000,0x0000000087801908,0x000000008a600000)
 Metaspace       used 56797K, capacity 57482K, committed 57728K, reserved 1099776K
  class space    used 6799K, capacity 6991K, committed 7040K, reserved 1048576K
Event: 13.566 GC heap after
Heap after GC invocations=15 (full 2):
 PSYoungGen      total 281600K, used 13856K [0x00000000d7180000, 0x00000000ede00000, 0x0000000100000000)
  eden space 265728K, 0% used [0x00000000d7180000,0x00000000d7180000,0x00000000e7500000)
  from space 15872K, 87% used [0x00000000e7500000,0x00000000e82882a0,0x00000000e8480000)
  to   space 17408K, 0% used [0x00000000ecd00000,0x00000000ecd00000,0x00000000ede00000)
 ParOldGen       total 83968K, used 36870K [0x0000000085400000, 0x000000008a600000, 0x00000000d7180000)
  object space 83968K, 43% used [0x0000000085400000,0x0000000087801908,0x000000008a600000)
 Metaspace       used 56797K, capacity 57482K, committed 57728K, reserved 1099776K
  class space    used 6799K, capacity 6991K, committed 7040K, reserved 1048576K
}
Event: 14.448 GC heap before
{Heap before GC invocations=16 (full 2):
 PSYoungGen      total 281600K, used 171058K [0x00000000d7180000, 0x00000000ede00000, 0x0000000100000000)
  eden space 265728K, 59% used [0x00000000d7180000,0x00000000e0b047d8,0x00000000e7500000)
  from space 15872K, 87% used [0x00000000e7500000,0x00000000e82882a0,0x00000000e8480000)
  to   space 17408K, 0% used [0x00000000ecd00000,0x00000000ecd00000,0x00000000ede00000)
 ParOldGen       total 83968K, used 36870K [0x0000000085400000, 0x000000008a600000, 0x00000000d7180000)
  object space 83968K, 43% used [0x0000000085400000,0x0000000087801908,0x000000008a600000)
 Metaspace       used 58259K, capacity 58928K, committed 59160K, reserved 1101824K
  class space    used 7040K, capacity 7216K, committed 7296K, reserved 1048576K
Event: 14.464 GC heap after
Heap after GC invocations=16 (full 2):
 PSYoungGen      total 354816K, used 14841K [0x00000000d7180000, 0x00000000ee480000, 0x0000000100000000)
  eden space 337408K, 0% used [0x00000000d7180000,0x00000000d7180000,0x00000000ebb00000)
  from space 17408K, 85% used [0x00000000ecd00000,0x00000000edb7e720,0x00000000ede00000)
  to   space 18432K, 0% used [0x00000000ebb00000,0x00000000ebb00000,0x00000000ecd00000)
 ParOldGen       total 83968K, used 36870K [0x0000000085400000, 0x000000008a600000, 0x00000000d7180000)
  object space 83968K, 43% used [0x0000000085400000,0x0000000087801908,0x000000008a600000)
 Metaspace       used 58259K, capacity 58928K, committed 59160K, reserved 1101824K
  class space    used 7040K, capacity 7216K, committed 7296K, reserved 1048576K
}
Event: 14.464 GC heap before
{Heap before GC invocations=17 (full 3):
 PSYoungGen      total 354816K, used 14841K [0x00000000d7180000, 0x00000000ee480000, 0x0000000100000000)
  eden space 337408K, 0% used [0x00000000d7180000,0x00000000d7180000,0x00000000ebb00000)
  from space 17408K, 85% used [0x00000000ecd00000,0x00000000edb7e720,0x00000000ede00000)
  to   space 18432K, 0% used [0x00000000ebb00000,0x00000000ebb00000,0x00000000ecd00000)
 ParOldGen       total 83968K, used 36870K [0x0000000085400000, 0x000000008a600000, 0x00000000d7180000)
  object space 83968K, 43% used [0x0000000085400000,0x0000000087801908,0x000000008a600000)
 Metaspace       used 58259K, capacity 58928K, committed 59160K, reserved 1101824K
  class space    used 7040K, capacity 7216K, committed 7296K, reserved 1048576K
Event: 14.656 GC heap after
Heap after GC invocations=17 (full 3):
 PSYoungGen      total 354816K, used 0K [0x00000000d7180000, 0x00000000ee480000, 0x0000000100000000)
  eden space 337408K, 0% used [0x00000000d7180000,0x00000000d7180000,0x00000000ebb00000)
  from space 17408K, 0% used [0x00000000ecd00000,0x00000000ecd00000,0x00000000ede00000)
  to   space 18432K, 0% used [0x00000000ebb00000,0x00000000ebb00000,0x00000000ecd00000)
 ParOldGen       total 133120K, used 44761K [0x0000000085400000, 0x000000008d600000, 0x00000000d7180000)
  object space 133120K, 33% used [0x0000000085400000,0x0000000087fb6520,0x000000008d600000)
 Metaspace       used 58259K, capacity 58928K, committed 59160K, reserved 1101824K
  class space    used 7040K, capacity 7216K, committed 7296K, reserved 1048576K
}

