# JRE version: Java(TM) SE Runtime Environment (8.0_181-b13) (build 1.8.0_181-b13)
# Java VM: Java HotSpot(TM) 64-Bit Server VM (25.181-b13 mixed mode windows-amd64 compressed oops)
Heap:
 PSYoungGen      total 427008K, used 44309K [0x00000000d7180000, 0x00000000f5b00000, 0x0000000100000000)
  eden space 409600K, 7% used [0x00000000d7180000,0x00000000d8ee3540,0x00000000f0180000)
  from space 17408K, 81% used [0x00000000f0180000,0x00000000f0f62008,0x00000000f1280000)
  to   space 18432K, 0% used [0x00000000f4900000,0x00000000f4900000,0x00000000f5b00000)
 ParOldGen       total 144384K, used 62237K [0x0000000085400000, 0x000000008e100000, 0x00000000d7180000)
  object space 144384K, 43% used [0x0000000085400000,0x00000000890c76a8,0x000000008e100000)
 Metaspace       used 75847K, capacity 76766K, committed 77184K, reserved 1118208K
  class space    used 9034K, capacity 9224K, committed 9344K, reserved 1048576K
GC Heap History (10 events):
Event: 15.860 GC heap before
{Heap before GC invocations=16 (full 2):
 PSYoungGen      total 272384K, used 257199K [0x00000000d7180000, 0x00000000ed600000, 0x0000000100000000)
  eden space 256512K, 96% used [0x00000000d7180000,0x00000000e63e7658,0x00000000e6c00000)
  from space 15872K, 56% used [0x00000000e6c00000,0x00000000e74c4910,0x00000000e7b80000)
  to   space 15360K, 0% used [0x00000000ec700000,0x00000000ec700000,0x00000000ed600000)
 ParOldGen       total 87040K, used 38466K [0x0000000085400000, 0x000000008a900000, 0x00000000d7180000)
  object space 87040K, 44% used [0x0000000085400000,0x0000000087990b80,0x000000008a900000)
 Metaspace       used 58251K, capacity 58830K, committed 59160K, reserved 1101824K
  class space    used 6901K, capacity 7035K, committed 7040K, reserved 1048576K
Event: 15.887 GC heap after
Heap after GC invocations=16 (full 2):
 PSYoungGen      total 345600K, used 7276K [0x00000000d7180000, 0x00000000ed400000, 0x0000000100000000)
  eden space 332288K, 0% used [0x00000000d7180000,0x00000000d7180000,0x00000000eb600000)
  from space 13312K, 54% used [0x00000000ec700000,0x00000000ece1b3e8,0x00000000ed400000)
  to   space 15360K, 0% used [0x00000000eb600000,0x00000000eb600000,0x00000000ec500000)
 ParOldGen       total 87040K, used 43952K [0x0000000085400000, 0x000000008a900000, 0x00000000d7180000)
  object space 87040K, 50% used [0x0000000085400000,0x0000000087eec2a8,0x000000008a900000)
 Metaspace       used 58251K, capacity 58830K, committed 59160K, reserved 1101824K
  class space    used 6901K, capacity 7035K, committed 7040K, reserved 1048576K
}
Event: 15.887 GC heap before
{Heap before GC invocations=17 (full 3):
 PSYoungGen      total 345600K, used 7276K [0x00000000d7180000, 0x00000000ed400000, 0x0000000100000000)
  eden space 332288K, 0% used [0x00000000d7180000,0x00000000d7180000,0x00000000eb600000)
  from space 13312K, 54% used [0x00000000ec700000,0x00000000ece1b3e8,0x00000000ed400000)
  to   space 15360K, 0% used [0x00000000eb600000,0x00000000eb600000,0x00000000ec500000)
 ParOldGen       total 87040K, used 43952K [0x0000000085400000, 0x000000008a900000, 0x00000000d7180000)
  object space 87040K, 50% used [0x0000000085400000,0x0000000087eec2a8,0x000000008a900000)
 Metaspace       used 58251K, capacity 58830K, committed 59160K, reserved 1101824K
  class space    used 6901K, capacity 7035K, committed 7040K, reserved 1048576K
Event: 16.175 GC heap after
Heap after GC invocations=17 (full 3):
 PSYoungGen      total 345600K, used 0K [0x00000000d7180000, 0x00000000ed400000, 0x0000000100000000)
  eden space 332288K, 0% used [0x00000000d7180000,0x00000000d7180000,0x00000000eb600000)
  from space 13312K, 0% used [0x00000000ec700000,0x00000000ec700000,0x00000000ed400000)
  to   space 15360K, 0% used [0x00000000eb600000,0x00000000eb600000,0x00000000ec500000)
 ParOldGen       total 144384K, used 46389K [0x0000000085400000, 0x000000008e100000, 0x00000000d7180000)
  object space 144384K, 32% used [0x0000000085400000,0x000000008814d450,0x000000008e100000)
 Metaspace       used 58251K, capacity 58830K, committed 59160K, reserved 1101824K
  class space    used 6901K, capacity 7035K, committed 7040K, reserved 1048576K
}
Event: 19.337 GC heap before
{Heap before GC invocations=18 (full 3):
 PSYoungGen      total 345600K, used 332288K [0x00000000d7180000, 0x00000000ed400000, 0x0000000100000000)
  eden space 332288K, 100% used [0x00000000d7180000,0x00000000eb600000,0x00000000eb600000)
  from space 13312K, 0% used [0x00000000ec700000,0x00000000ec700000,0x00000000ed400000)
  to   space 15360K, 0% used [0x00000000eb600000,0x00000000eb600000,0x00000000ec500000)
 ParOldGen       total 144384K, used 46389K [0x0000000085400000, 0x000000008e100000, 0x00000000d7180000)
  object space 144384K, 32% used [0x0000000085400000,0x000000008814d450,0x000000008e100000)
 Metaspace       used 61378K, capacity 62142K, committed 62336K, reserved 1103872K
  class space    used 7346K, capacity 7523K, committed 7552K, reserved 1048576K
Event: 19.364 GC heap after
Heap after GC invocations=18 (full 3):
 PSYoungGen      total 347648K, used 9337K [0x00000000d7180000, 0x00000000f2100000, 0x0000000100000000)
  eden space 332288K, 0% used [0x00000000d7180000,0x00000000d7180000,0x00000000eb600000)
  from space 15360K, 60% used [0x00000000eb600000,0x00000000ebf1e438,0x00000000ec500000)
  to   space 14848K, 0% used [0x00000000f1280000,0x00000000f1280000,0x00000000f2100000)
 ParOldGen       total 144384K, used 46397K [0x0000000085400000, 0x000000008e100000, 0x00000000d7180000)
  object space 144384K, 32% used [0x0000000085400000,0x000000008814f450,0x000000008e100000)
 Metaspace       used 61378K, capacity 62142K, committed 62336K, reserved 1103872K
  class space    used 7346K, capacity 7523K, committed 7552K, reserved 1048576K
}
Event: 22.095 GC heap before
{Heap before GC invocations=19 (full 3):
 PSYoungGen      total 347648K, used 341625K [0x00000000d7180000, 0x00000000f2100000, 0x0000000100000000)
  eden space 332288K, 100% used [0x00000000d7180000,0x00000000eb600000,0x00000000eb600000)
  from space 15360K, 60% used [0x00000000eb600000,0x00000000ebf1e438,0x00000000ec500000)
  to   space 14848K, 0% used [0x00000000f1280000,0x00000000f1280000,0x00000000f2100000)
 ParOldGen       total 144384K, used 46397K [0x0000000085400000, 0x000000008e100000, 0x00000000d7180000)
  object space 144384K, 32% used [0x0000000085400000,0x000000008814f450,0x000000008e100000)
 Metaspace       used 65749K, capacity 66542K, committed 66816K, reserved 1107968K
  class space    used 7909K, capacity 8117K, committed 8192K, reserved 1048576K
Event: 22.127 GC heap after
Heap after GC invocations=19 (full 3):
 PSYoungGen      total 424448K, used 14845K [0x00000000d7180000, 0x00000000f2480000, 0x0000000100000000)
  eden space 409600K, 0% used [0x00000000d7180000,0x00000000d7180000,0x00000000f0180000)
  from space 14848K, 99% used [0x00000000f1280000,0x00000000f20ff450,0x00000000f2100000)
  to   space 17408K, 0% used [0x00000000f0180000,0x00000000f0180000,0x00000000f1280000)
 ParOldGen       total 144384K, used 49172K [0x0000000085400000, 0x000000008e100000, 0x00000000d7180000)
  object space 144384K, 34% used [0x0000000085400000,0x0000000088405328,0x000000008e100000)
 Metaspace       used 65749K, capacity 66542K, committed 66816K, reserved 1107968K
  class space    used 7909K, capacity 8117K, committed 8192K, reserved 1048576K
}
Event: 48.542 GC heap before
{Heap before GC invocations=20 (full 3):
 PSYoungGen      total 424448K, used 424445K [0x00000000d7180000, 0x00000000f2480000, 0x0000000100000000)
  eden space 409600K, 100% used [0x00000000d7180000,0x00000000f0180000,0x00000000f0180000)
  from space 14848K, 99% used [0x00000000f1280000,0x00000000f20ff450,0x00000000f2100000)
  to   space 17408K, 0% used [0x00000000f0180000,0x00000000f0180000,0x00000000f1280000)
 ParOldGen       total 144384K, used 49172K [0x0000000085400000, 0x000000008e100000, 0x00000000d7180000)
  object space 144384K, 34% used [0x0000000085400000,0x0000000088405328,0x000000008e100000)
 Metaspace       used 75509K, capacity 76446K, committed 76928K, reserved 1116160K
  class space    used 9017K, capacity 9224K, committed 9344K, reserved 1048576K
Event: 48.581 GC heap after
Heap after GC invocations=20 (full 3):
 PSYoungGen      total 427008K, used 14216K [0x00000000d7180000, 0x00000000f5b00000, 0x0000000100000000)
  eden space 409600K, 0% used [0x00000000d7180000,0x00000000d7180000,0x00000000f0180000)
  from space 17408K, 81% used [0x00000000f0180000,0x00000000f0f62008,0x00000000f1280000)
  to   space 18432K, 0% used [0x00000000f4900000,0x00000000f4900000,0x00000000f5b00000)
 ParOldGen       total 144384K, used 62237K [0x0000000085400000, 0x000000008e100000, 0x00000000d7180000)
  object space 144384K, 43% used [0x0000000085400000,0x00000000890c76a8,0x000000008e100000)
 Metaspace       used 75509K, capacity 76446K, committed 76928K, reserved 1116160K
  class space    used 9017K, capacity 9224K, committed 9344K, reserved 1048576K
}

